<?xml version="1.0" encoding="UTF-8"?>
<testsuite xmlns:xsi="http://www.w3.org/2001/XMLSchema-instance" xsi:noNamespaceSchemaLocation="https://maven.apache.org/surefire/maven-surefire-plugin/xsd/surefire-test-report.xsd" version="3.0.2" name="br.com.sicredi.biblioteca.config.DataLoaderTest" time="5.099" tests="2" errors="0" skipped="0" failures="0">
  <properties>
[...]
</properties>
  <testcase name="naoDevePopularBancoQuandoJaTiverDados" classname="br.com.sicredi.biblioteca.config.DataLoaderTest" time="5.056"/>
  <testcase name="devePopularBancoQuandoVazio" classname="br.com.sicredi.biblioteca.config.DataLoaderTest" time="0.034"/>
</testsuite>